#
# A fatal error has been detected by the Java Runtime Environment:
#
#  EXCEPTION_ACCESS_VIOLATION (0xc0000005) at pc=0x6c3ad73b, pid=18580, tid=10752
#
# JRE version: Java(TM) SE Runtime Environment (8.0_66-b18) (build 1.8.0_66-b18)
# Java VM: Java HotSpot(TM) Client VM (25.66-b18 mixed mode windows-x86 )
# Problematic frame:
# V  [jvm.dll+0xdd73b]
#
# Failed to write core dump. Minidumps are not enabled by default on client versions of Windows
#
# If you would like to submit a bug report, please visit:
#   http://bugreport.java.com/bugreport/crash.jsp
#

---------------  T H R E A D  ---------------

Current thread (0x0247d000):  JavaThread "main" [_thread_in_vm, id=10752, stack(0x00ab0000,0x00b00000)]

siginfo: ExceptionCode=0xc0000005, reading address 0x00000000

Registers:
EAX=0x00000000, EBX=0x0247d140, ECX=0x0247d000, EDX=0x00000637
ESP=0x00aff3dc, EBP=0x00aff424, ESI=0x0247d000, EDI=0x00000000
EIP=0x6c3ad73b, EFLAGS=0x00010246

Top of Stack: (sp=0x00aff3dc)
0x00aff3dc:   00aff520 00aff43c 148310d8 cccccccc
0x00aff3ec:   cccccccc cccccccc cccccccc cccccccc
0x00aff3fc:   cccccccc cccccccc cccccccc cccccccc
0x00aff40c:   cccccccc cccccccc 0247d000 0247d788
0x00aff41c:   00000637 6c5b0010 00aff520 045e17c8
0x00aff42c:   0247d140 00aff6bc 00000000 00aff534
0x00aff43c:   00aff658 148310d8 148310d8 cccccccc
0x00aff44c:   cccccccc cccccccc cccccccc cccccccc 

Instructions: (pc=0x6c3ad73b)
0x6c3ad71b:   f2 ff 83 c4 08 83 7e 04 00 89 75 f0 c7 45 f4 00
0x6c3ad72b:   00 00 00 74 08 8d 4d f0 e8 c8 83 0c 00 8b 7d 10
0x6c3ad73b:   8b 07 c7 45 e0 06 00 00 00 8b 40 04 0f b7 48 1a
0x6c3ad74b:   8b 50 08 8b 44 8a 2c 50 8d 4d c4 e8 e5 34 09 00 


Register to memory mapping:

EAX=0x00000000 is an unknown value
EBX=0x0247d140 is an unknown value
ECX=0x0247d000 is a thread
EDX=0x00000637 is an unknown value
ESP=0x00aff3dc is pointing into the stack for thread: 0x0247d000
EBP=0x00aff424 is pointing into the stack for thread: 0x0247d000
ESI=0x0247d000 is a thread
EDI=0x00000000 is an unknown value


Stack: [0x00ab0000,0x00b00000],  sp=0x00aff3dc,  free space=316k
Native frames: (J=compiled Java code, j=interpreted, Vv=VM code, C=native code)
V  [jvm.dll+0xdd73b]
C  [JavaNative.dll+0x117c8]  JNIEnv_::CallFloatMethod+0x48
C  [JavaNative.dll+0x15a40]  Java_nativ_models_NativeClassA_nativeComputeFunc+0x270
j  nativ.models.NativeClassA.nativeComputeFunc(FFFI)F+0
j  Main.main([Ljava/lang/String;)V+204
v  ~StubRoutines::call_stub
V  [jvm.dll+0x158ba5]
V  [jvm.dll+0x21e12e]
V  [jvm.dll+0x158c3e]
V  [jvm.dll+0xdae57]
V  [jvm.dll+0xe33ef]
C  [javaw.exe+0x229a]
C  [javaw.exe+0xaebf]
C  [javaw.exe+0xaf49]
C  [KERNEL32.DLL+0x18744]
C  [ntdll.dll+0x62de6]
C  [ntdll.dll+0x62db6]
C  0x00000000

Java frames: (J=compiled Java code, j=interpreted, Vv=VM code)
j  nativ.models.NativeClassA.nativeComputeFunc(FFFI)F+0
j  Main.main([Ljava/lang/String;)V+204
v  ~StubRoutines::call_stub

---------------  P R O C E S S  ---------------

Java Threads: ( => current thread )
  0x14b10000 JavaThread "Service Thread" daemon [_thread_blocked, id=18812, stack(0x155a0000,0x155f0000)]
  0x14af2800 JavaThread "C1 CompilerThread0" daemon [_thread_blocked, id=14148, stack(0x15510000,0x15560000)]
  0x14aec400 JavaThread "JDWP Command Reader" daemon [_thread_in_native, id=20000, stack(0x15480000,0x154d0000)]
  0x14ae7000 JavaThread "JDWP Event Helper Thread" daemon [_thread_blocked, id=10708, stack(0x153f0000,0x15440000)]
  0x14ae5800 JavaThread "JDWP Transport Listener: dt_socket" daemon [_thread_blocked, id=4220, stack(0x15360000,0x153b0000)]
  0x14ad6400 JavaThread "Attach Listener" daemon [_thread_blocked, id=8, stack(0x14f90000,0x14fe0000)]
  0x14ad4800 JavaThread "Signal Dispatcher" daemon [_thread_blocked, id=18124, stack(0x14f00000,0x14f50000)]
  0x14ab8800 JavaThread "Finalizer" daemon [_thread_blocked, id=9592, stack(0x14d80000,0x14dd0000)]
  0x14ab3c00 JavaThread "Reference Handler" daemon [_thread_blocked, id=14624, stack(0x14cf0000,0x14d40000)]
=>0x0247d000 JavaThread "main" [_thread_in_vm, id=10752, stack(0x00ab0000,0x00b00000)]

Other Threads:
  0x0243d800 VMThread [stack: 0x14a60000,0x14ab0000] [id=13596]
  0x14b1b800 WatcherThread [stack: 0x15630000,0x15680000] [id=9164]

VM state:not at safepoint (normal execution)

VM Mutex/Monitor currently owned by a thread: None

Heap:
 def new generation   total 4928K, used 712K [0x04600000, 0x04b50000, 0x09b50000)
  eden space 4416K,  16% used [0x04600000, 0x046b2218, 0x04a50000)
  from space 512K,   0% used [0x04a50000, 0x04a50000, 0x04ad0000)
  to   space 512K,   0% used [0x04ad0000, 0x04ad0000, 0x04b50000)
 tenured generation   total 10944K, used 0K [0x09b50000, 0x0a600000, 0x14600000)
   the space 10944K,   0% used [0x09b50000, 0x09b50000, 0x09b50200, 0x0a600000)
 Metaspace       used 1674K, capacity 2248K, committed 2368K, reserved 4480K

Card table byte_map: [0x04500000,0x04590000] byte_map_base: 0x044dd000

Polling page: 0x00870000

CodeCache: size=32768Kb used=668Kb max_used=668Kb free=32099Kb
 bounds [0x02480000, 0x02528000, 0x04480000]
 total_blobs=148 nmethods=15 adapters=73
 compilation: enabled

Compilation events (10 events):
Event: 0.116 Thread 0x14af2800   11             java.lang.AbstractStringBuilder::ensureCapacityInternal (16 bytes)
Event: 0.116 Thread 0x14af2800 nmethod 11 0x02525c88 code [0x02525d90, 0x02525e4c]
Event: 0.116 Thread 0x14af2800   12             java.lang.AbstractStringBuilder::append (29 bytes)
Event: 0.116 Thread 0x14af2800 nmethod 12 0x02525ec8 code [0x02525fd0, 0x025260cc]
Event: 0.117 Thread 0x14af2800   13             java.lang.Object::<init> (1 bytes)
Event: 0.117 Thread 0x14af2800 nmethod 13 0x025261c8 code [0x025262c0, 0x02526350]
Event: 0.119 Thread 0x14af2800   14             java.lang.String::indexOf (166 bytes)
Event: 0.119 Thread 0x14af2800 nmethod 14 0x025263c8 code [0x025264e0, 0x02526730]
Event: 0.127 Thread 0x14af2800   15             sun.misc.FDBigInteger::mult (64 bytes)
Event: 0.127 Thread 0x14af2800 nmethod 15 0x02526ec8 code [0x02526fc0, 0x02527170]

GC Heap History (0 events):
No events

Deoptimization events (0 events):
No events

Internal exceptions (3 events):
Event: 0.031 Thread 0x0247d000 Exception <a 'java/lang/NoSuchMethodError': Method sun.misc.Unsafe.defineClass(Ljava/lang/String;[BII)Ljava/lang/Class; name or signature does not match> (0x046109d8) thrown at [C:\re\workspace\8-2-build-windows-i586-cygwin\jdk8u66\5298\hotspot\src\share\v¿‚(YÄŸ?
Event: 0.031 Thread 0x0247d000 Exception <a 'java/lang/NoSuchMethodError': Method sun.misc.Unsafe.prefetchRead(Ljava/lang/Object;J)V name or signature does not match> (0x04610ca8) thrown at [C:\re\workspace\8-2-build-windows-i586-cygwin\jdk8u66\5298\hotspot\src\share\vm\prims\jni.cpp, lâN±Ã“gÀ?
Event: 0.128 Thread 0x0247d000 Exception <a 'java/lang/NoSuchMethodError': val> (0x046a30c0) thrown at [C:\re\workspace\8-2-build-windows-i586-cygwin\jdk8u66\5298\hotspot\src\share\vm\prims\jni.cpp, line 1591]

Events (10 events):
Event: 0.126 loading class sun/misc/FloatingDecimal$1
Event: 0.126 loading class sun/misc/FloatingDecimal$1 done
Event: 0.126 loading class sun/misc/FloatingDecimal$PreparedASCIIToBinaryBuffer
Event: 0.126 loading class sun/misc/FloatingDecimal$ASCIIToBinaryConverter
Event: 0.126 loading class sun/misc/FloatingDecimal$ASCIIToBinaryConverter done
Event: 0.126 loading class sun/misc/FloatingDecimal$PreparedASCIIToBinaryBuffer done
Event: 0.126 loading class sun/misc/FDBigInteger
Event: 0.126 loading class sun/misc/FDBigInteger done
Event: 0.127 loading class utils/Utils
Event: 0.127 loading class utils/Utils done


Dynamic libraries:
0x00b60000 - 0x00b93000 	C:\Program Files (x86)\Java\jre1.8.0_66\bin\javaw.exe
0x77b50000 - 0x77cdd000 	C:\WINDOWS\SYSTEM32\ntdll.dll
0x75490000 - 0x75560000 	C:\WINDOWS\System32\KERNEL32.DLL
0x76170000 - 0x7632f000 	C:\WINDOWS\System32\KERNELBASE.dll
0x75740000 - 0x757b7000 	C:\WINDOWS\System32\ADVAPI32.dll
0x75190000 - 0x7524d000 	C:\WINDOWS\System32\msvcrt.dll
0x74ff0000 - 0x75031000 	C:\WINDOWS\System32\sechost.dll
0x76380000 - 0x76440000 	C:\WINDOWS\System32\RPCRT4.dll
0x74640000 - 0x74660000 	C:\WINDOWS\System32\SspiCli.dll
0x74630000 - 0x7463a000 	C:\WINDOWS\System32\CRYPTBASE.dll
0x75be0000 - 0x75c37000 	C:\WINDOWS\System32\bcryptPrimitives.dll
0x75600000 - 0x7573c000 	C:\WINDOWS\System32\USER32.dll
0x75ac0000 - 0x75ad6000 	C:\WINDOWS\System32\win32u.dll
0x76620000 - 0x76641000 	C:\WINDOWS\System32\GDI32.dll
0x74e90000 - 0x74fe9000 	C:\WINDOWS\System32\gdi32full.dll
0x74db0000 - 0x74e29000 	C:\WINDOWS\System32\msvcp_win.dll
0x76500000 - 0x76619000 	C:\WINDOWS\System32\ucrtbase.dll
0x6b1a0000 - 0x6b3af000 	C:\WINDOWS\WinSxS\x86_microsoft.windows.common-controls_6595b64144ccf1df_6.0.15048.0_none_584087f3f45d80b0\COMCTL32.dll
0x75250000 - 0x7548f000 	C:\WINDOWS\System32\combase.dll
0x767d0000 - 0x767f5000 	C:\WINDOWS\System32\IMM32.DLL
0x77fe0000 - 0x7809f000 	C:\Program Files (x86)\Java\jre1.8.0_66\bin\msvcr100.dll
0x6c2d0000 - 0x6c695000 	C:\Program Files (x86)\Java\jre1.8.0_66\bin\client\jvm.dll
0x764a0000 - 0x764a6000 	C:\WINDOWS\System32\PSAPI.DLL
0x71eb0000 - 0x71eb8000 	C:\WINDOWS\SYSTEM32\WSOCK32.dll
0x73cb0000 - 0x73cb8000 	C:\WINDOWS\SYSTEM32\VERSION.dll
0x6fe50000 - 0x6fe74000 	C:\WINDOWS\SYSTEM32\WINMM.dll
0x75a40000 - 0x75aa7000 	C:\WINDOWS\System32\WS2_32.dll
0x6fd40000 - 0x6fd63000 	C:\WINDOWS\SYSTEM32\winmmbase.dll
0x755c0000 - 0x755f9000 	C:\WINDOWS\System32\cfgmgr32.dll
0x68410000 - 0x6841c000 	C:\Program Files (x86)\Java\jre1.8.0_66\bin\verify.dll
0x6d990000 - 0x6d9b1000 	C:\Program Files (x86)\Java\jre1.8.0_66\bin\java.dll
0x6d620000 - 0x6d649000 	C:\Program Files (x86)\Java\jre1.8.0_66\bin\jdwp.dll
0x6f040000 - 0x6f047000 	C:\Program Files (x86)\Java\jre1.8.0_66\bin\npt.dll
0x6f1e0000 - 0x6f1f3000 	C:\Program Files (x86)\Java\jre1.8.0_66\bin\zip.dll
0x76800000 - 0x77b4c000 	C:\WINDOWS\System32\SHELL32.dll
0x760e0000 - 0x76169000 	C:\WINDOWS\System32\shcore.dll
0x74660000 - 0x74bdd000 	C:\WINDOWS\System32\windows.storage.dll
0x76330000 - 0x76375000 	C:\WINDOWS\System32\shlwapi.dll
0x75930000 - 0x7593e000 	C:\WINDOWS\System32\kernel.appcore.dll
0x764b0000 - 0x764f5000 	C:\WINDOWS\System32\powrprof.dll
0x75bd0000 - 0x75be0000 	C:\WINDOWS\System32\profapi.dll
0x6c860000 - 0x6c868000 	C:\Program Files (x86)\Java\jre1.8.0_66\bin\dt_socket.dll
0x6ade0000 - 0x6adf1000 	C:\WINDOWS\system32\napinsp.dll
0x6adc0000 - 0x6add6000 	C:\WINDOWS\system32\pnrpnsp.dll
0x6ada0000 - 0x6adb3000 	C:\WINDOWS\system32\NLAapi.dll
0x73ce0000 - 0x73d2e000 	C:\WINDOWS\System32\mswsock.dll
0x6fbc0000 - 0x6fc3d000 	C:\WINDOWS\SYSTEM32\DNSAPI.dll
0x74be0000 - 0x74be7000 	C:\WINDOWS\System32\NSI.dll
0x735d0000 - 0x735ff000 	C:\WINDOWS\SYSTEM32\IPHLPAPI.DLL
0x6ad90000 - 0x6ad9b000 	C:\WINDOWS\System32\winrnr.dll
0x6ad80000 - 0x6ad90000 	C:\WINDOWS\System32\wshbth.dll
0x6fc60000 - 0x6fcaa000 	C:\WINDOWS\System32\fwpuclnt.dll
0x73c80000 - 0x73c98000 	C:\WINDOWS\SYSTEM32\bcrypt.dll
0x6dd70000 - 0x6dd78000 	C:\Windows\System32\rasadhlp.dll
0x045d0000 - 0x045f0000 	C:\radua\projects\with_cipri\haisainvatam\JavaNative\src\JavaNative.dll
0x15680000 - 0x1569c000 	C:\WINDOWS\SYSTEM32\VCRUNTIME140D.dll
0x156a0000 - 0x15813000 	C:\WINDOWS\SYSTEM32\ucrtbased.dll
0x73d60000 - 0x73ebb000 	C:\WINDOWS\SYSTEM32\dbghelp.dll

VM Arguments:
jvm_args: -agentlib:jdwp=transport=dt_socket,suspend=y,address=localhost:60279 -Dfile.encoding=Cp1250 
java_command: Main
java_class_path (initial): C:\radua\projects\with_cipri\haisainvatam\JavaNative\bin
Launcher Type: SUN_STANDARD

Environment Variables:
JAVA_HOME=C:\Program Files\Java\jdk1.8.0_65
USERNAME=radua
OS=Windows_NT
PROCESSOR_IDENTIFIER=Intel64 Family 6 Model 61 Stepping 4, GenuineIntel



---------------  S Y S T E M  ---------------

OS: Windows 10.0 , 64 bit Build 15048 (10.0.15048.0)

CPU:total 4 (2 cores per cpu, 2 threads per core) family 6 model 61 stepping 4, cmov, cx8, fxsr, mmx, sse, sse2, sse3, ssse3, sse4.1, sse4.2, popcnt, avx, avx2, aes, clmul, erms, rtm, 3dnowpref, lzcnt, ht, tsc, tscinvbit, bmi1, bmi2, adx

Memory: 4k page, physical 8061196k(3354196k free), swap 16187660k(9901704k free)

vm_info: Java HotSpot(TM) Client VM (25.66-b18) for windows-x86 JRE (1.8.0_66-b18), built on Nov  9 2015 10:58:29 by "java_re" with MS VC++ 10.0 (VS2010)

time: Tue Mar 21 13:54:09 2017
elapsed time: 0 seconds (0d 0h 0m 0s)

