#
# A fatal error has been detected by the Java Runtime Environment:
#
#  EXCEPTION_ACCESS_VIOLATION (0xc0000005) at pc=0x6c9cca2b, pid=11696, tid=5976
#
# JRE version: Java(TM) SE Runtime Environment (8.0_66-b18) (build 1.8.0_66-b18)
# Java VM: Java HotSpot(TM) Client VM (25.66-b18 mixed mode windows-x86 )
# Problematic frame:
# V  [jvm.dll+0xdca2b]
#
# Failed to write core dump. Minidumps are not enabled by default on client versions of Windows
#
# If you would like to submit a bug report, please visit:
#   http://bugreport.java.com/bugreport/crash.jsp
#

---------------  T H R E A D  ---------------

Current thread (0x00d6d000):  JavaThread "main" [_thread_in_vm, id=5976, stack(0x00860000,0x008b0000)]

siginfo: ExceptionCode=0xc0000005, reading address 0x00000000

Registers:
EAX=0x00000000, EBX=0x00d6d140, ECX=0x00d6d000, EDX=0x00000617
ESP=0x008af928, EBP=0x008af970, ESI=0x00d6d000, EDI=0x00000000
EIP=0x6c9cca2b, EFLAGS=0x00010246

Top of Stack: (sp=0x008af928)
0x008af928:   008afa6c 008af988 146314f8 cccccccc
0x008af938:   cccccccc cccccccc cccccccc cccccccc
0x008af948:   cccccccc cccccccc cccccccc cccccccc
0x008af958:   cccccccc cccccccc 00d6d000 00d6d788
0x008af968:   00000617 6cbd0010 008afa6c 15421838
0x008af978:   00d6d140 008afc28 00000000 008afa80
0x008af988:   008afbb8 146314f8 146314f8 cccccccc
0x008af998:   cccccccc cccccccc cccccccc cccccccc 

Instructions: (pc=0x6c9cca2b)
0x6c9cca0b:   f2 ff 83 c4 08 83 7e 04 00 89 75 f0 c7 45 f4 00
0x6c9cca1b:   00 00 00 74 08 8d 4d f0 e8 d8 90 0c 00 8b 7d 10
0x6c9cca2b:   8b 07 c7 45 e0 0c 00 00 00 8b 40 04 0f b7 48 1a
0x6c9cca3b:   8b 50 08 8b 44 8a 2c 50 8d 4d c4 e8 f5 41 09 00 


Register to memory mapping:

EAX=0x00000000 is an unknown value
EBX=0x00d6d140 is an unknown value
ECX=0x00d6d000 is a thread
EDX=0x00000617 is an unknown value
ESP=0x008af928 is pointing into the stack for thread: 0x00d6d000
EBP=0x008af970 is pointing into the stack for thread: 0x00d6d000
ESI=0x00d6d000 is a thread
EDI=0x00000000 is an unknown value


Stack: [0x00860000,0x008b0000],  sp=0x008af928,  free space=318k
Native frames: (J=compiled Java code, j=interpreted, Vv=VM code, C=native code)
V  [jvm.dll+0xdca2b]
C  [JavaNative.dll+0x11838]  JNIEnv_::CallObjectMethod+0x48
C  [JavaNative.dll+0x121ae]  Java_nativ_models_NativeClassA_setFromC+0x12e
j  nativ.models.NativeClassA.setFromC(FFFI)F+0
j  Main.main([Ljava/lang/String;)V+504
v  ~StubRoutines::call_stub
V  [jvm.dll+0x158ba5]
V  [jvm.dll+0x21e12e]
V  [jvm.dll+0x158c3e]
V  [jvm.dll+0xdae57]
V  [jvm.dll+0xe33ef]
C  [javaw.exe+0x229a]
C  [javaw.exe+0xaebf]
C  [javaw.exe+0xaf49]
C  [KERNEL32.DLL+0x18744]
C  [ntdll.dll+0x62de6]
C  [ntdll.dll+0x62db6]
C  0x00000000

Java frames: (J=compiled Java code, j=interpreted, Vv=VM code)
j  nativ.models.NativeClassA.setFromC(FFFI)F+0
j  Main.main([Ljava/lang/String;)V+504
v  ~StubRoutines::call_stub

---------------  P R O C E S S  ---------------

Java Threads: ( => current thread )
  0x148c6400 JavaThread "Service Thread" daemon [_thread_blocked, id=12964, stack(0x15330000,0x15380000)]
  0x148a2c00 JavaThread "C1 CompilerThread0" daemon [_thread_blocked, id=9068, stack(0x152a0000,0x152f0000)]
  0x148a1000 JavaThread "JDWP Command Reader" daemon [_thread_in_native, id=15296, stack(0x15210000,0x15260000)]
  0x14897000 JavaThread "JDWP Event Helper Thread" daemon [_thread_blocked, id=14204, stack(0x15180000,0x151d0000)]
  0x14894800 JavaThread "JDWP Transport Listener: dt_socket" daemon [_thread_blocked, id=17284, stack(0x150f0000,0x15140000)]
  0x14886800 JavaThread "Attach Listener" daemon [_thread_blocked, id=20336, stack(0x14d20000,0x14d70000)]
  0x14884800 JavaThread "Signal Dispatcher" daemon [_thread_blocked, id=464, stack(0x14c90000,0x14ce0000)]
  0x14868800 JavaThread "Finalizer" daemon [_thread_blocked, id=6308, stack(0x14af0000,0x14b40000)]
  0x14863c00 JavaThread "Reference Handler" daemon [_thread_blocked, id=6016, stack(0x14a60000,0x14ab0000)]
=>0x00d6d000 JavaThread "main" [_thread_in_vm, id=5976, stack(0x00860000,0x008b0000)]

Other Threads:
  0x00d5d800 VMThread [stack: 0x04360000,0x043b0000] [id=8356]
  0x148d1c00 WatcherThread [stack: 0x153c0000,0x15410000] [id=18628]

VM state:not at safepoint (normal execution)

VM Mutex/Monitor currently owned by a thread: None

Heap:
 def new generation   total 4928K, used 712K [0x04400000, 0x04950000, 0x09950000)
  eden space 4416K,  16% used [0x04400000, 0x044b2218, 0x04850000)
  from space 512K,   0% used [0x04850000, 0x04850000, 0x048d0000)
  to   space 512K,   0% used [0x048d0000, 0x048d0000, 0x04950000)
 tenured generation   total 10944K, used 0K [0x09950000, 0x0a400000, 0x14400000)
   the space 10944K,   0% used [0x09950000, 0x09950000, 0x09950200, 0x0a400000)
 Metaspace       used 1675K, capacity 2280K, committed 2368K, reserved 4480K

Card table byte_map: [0x00df0000,0x00e80000] byte_map_base: 0x00dce000

Polling page: 0x005a0000

CodeCache: size=32768Kb used=669Kb max_used=669Kb free=32098Kb
 bounds [0x02300000, 0x023a8000, 0x04300000]
 total_blobs=149 nmethods=16 adapters=73
 compilation: enabled

Compilation events (10 events):
Event: 0.184 Thread 0x148a2c00   12             java.lang.AbstractStringBuilder::append (29 bytes)
Event: 0.184 Thread 0x148a2c00 nmethod 12 0x023a5ec8 code [0x023a5fd0, 0x023a60cc]
Event: 0.185 Thread 0x148a2c00   13             java.lang.Object::<init> (1 bytes)
Event: 0.185 Thread 0x148a2c00 nmethod 13 0x023a61c8 code [0x023a62c0, 0x023a6350]
Event: 0.187 Thread 0x148a2c00   14             java.lang.String::indexOf (166 bytes)
Event: 0.188 Thread 0x148a2c00 nmethod 14 0x023a63c8 code [0x023a64e0, 0x023a6730]
Event: 0.196 Thread 0x148a2c00   15             sun.misc.FDBigInteger::mult (64 bytes)
Event: 0.196 Thread 0x148a2c00 nmethod 15 0x023a6ec8 code [0x023a6fc0, 0x023a7170]
Event: 0.197 Thread 0x148a2c00   16             java.lang.String::length (6 bytes)
Event: 0.197 Thread 0x148a2c00 nmethod 16 0x023a7308 code [0x023a7400, 0x023a7490]

GC Heap History (0 events):
No events

Deoptimization events (0 events):
No events

Internal exceptions (3 events):
Event: 0.039 Thread 0x00d6d000 Exception <a 'java/lang/NoSuchMethodError': Method sun.misc.Unsafe.defineClass(Ljava/lang/String;[BII)Ljava/lang/Class; name or signature does not match> (0x04410838) thrown at [C:\re\workspace\8-2-build-windows-i586-cygwin\jdk8u66\5298\hotspot\src\share\v!e8‡wØ£?
Event: 0.039 Thread 0x00d6d000 Exception <a 'java/lang/NoSuchMethodError': Method sun.misc.Unsafe.prefetchRead(Ljava/lang/Object;J)V name or signature does not match> (0x04410b08) thrown at [C:\re\workspace\8-2-build-windows-i586-cygwin\jdk8u66\5298\hotspot\src\share\vm\prims\jni.cpp, lqBØAùFÉ?
Event: 0.197 Thread 0x00d6d000 Exception <a 'java/lang/NoSuchMethodError': createVal> (0x044a4400) thrown at [C:\re\workspace\8-2-build-windows-i586-cygwin\jdk8u66\5298\hotspot\src\share\vm\prims\jni.cpp, line 1559]

Events (10 events):
Event: 0.195 loading class sun/misc/FloatingDecimal$1
Event: 0.195 loading class sun/misc/FloatingDecimal$1 done
Event: 0.195 loading class sun/misc/FloatingDecimal$PreparedASCIIToBinaryBuffer
Event: 0.195 loading class sun/misc/FloatingDecimal$ASCIIToBinaryConverter
Event: 0.195 loading class sun/misc/FloatingDecimal$ASCIIToBinaryConverter done
Event: 0.195 loading class sun/misc/FloatingDecimal$PreparedASCIIToBinaryBuffer done
Event: 0.195 loading class sun/misc/FDBigInteger
Event: 0.195 loading class sun/misc/FDBigInteger done
Event: 0.196 loading class utils/Utils
Event: 0.196 loading class utils/Utils done


Dynamic libraries:
0x00ec0000 - 0x00ef3000 	C:\Program Files (x86)\Java\jre1.8.0_66\bin\javaw.exe
0x77b50000 - 0x77cdd000 	C:\WINDOWS\SYSTEM32\ntdll.dll
0x75490000 - 0x75560000 	C:\WINDOWS\System32\KERNEL32.DLL
0x76170000 - 0x7632f000 	C:\WINDOWS\System32\KERNELBASE.dll
0x75740000 - 0x757b7000 	C:\WINDOWS\System32\ADVAPI32.dll
0x75190000 - 0x7524d000 	C:\WINDOWS\System32\msvcrt.dll
0x74ff0000 - 0x75031000 	C:\WINDOWS\System32\sechost.dll
0x76380000 - 0x76440000 	C:\WINDOWS\System32\RPCRT4.dll
0x74640000 - 0x74660000 	C:\WINDOWS\System32\SspiCli.dll
0x74630000 - 0x7463a000 	C:\WINDOWS\System32\CRYPTBASE.dll
0x75be0000 - 0x75c37000 	C:\WINDOWS\System32\bcryptPrimitives.dll
0x75600000 - 0x7573c000 	C:\WINDOWS\System32\USER32.dll
0x75ac0000 - 0x75ad6000 	C:\WINDOWS\System32\win32u.dll
0x76620000 - 0x76641000 	C:\WINDOWS\System32\GDI32.dll
0x74e90000 - 0x74fe9000 	C:\WINDOWS\System32\gdi32full.dll
0x74db0000 - 0x74e29000 	C:\WINDOWS\System32\msvcp_win.dll
0x76500000 - 0x76619000 	C:\WINDOWS\System32\ucrtbase.dll
0x6b1a0000 - 0x6b3af000 	C:\WINDOWS\WinSxS\x86_microsoft.windows.common-controls_6595b64144ccf1df_6.0.15048.0_none_584087f3f45d80b0\COMCTL32.dll
0x75250000 - 0x7548f000 	C:\WINDOWS\System32\combase.dll
0x767d0000 - 0x767f5000 	C:\WINDOWS\System32\IMM32.DLL
0x77e60000 - 0x77f1f000 	C:\Program Files (x86)\Java\jre1.8.0_66\bin\msvcr100.dll
0x6c8f0000 - 0x6ccb5000 	C:\Program Files (x86)\Java\jre1.8.0_66\bin\client\jvm.dll
0x764a0000 - 0x764a6000 	C:\WINDOWS\System32\PSAPI.DLL
0x71eb0000 - 0x71eb8000 	C:\WINDOWS\SYSTEM32\WSOCK32.dll
0x6fe50000 - 0x6fe74000 	C:\WINDOWS\SYSTEM32\WINMM.dll
0x75a40000 - 0x75aa7000 	C:\WINDOWS\System32\WS2_32.dll
0x73cb0000 - 0x73cb8000 	C:\WINDOWS\SYSTEM32\VERSION.dll
0x6fd40000 - 0x6fd63000 	C:\WINDOWS\SYSTEM32\WINMMBASE.dll
0x755c0000 - 0x755f9000 	C:\WINDOWS\System32\cfgmgr32.dll
0x68410000 - 0x6841c000 	C:\Program Files (x86)\Java\jre1.8.0_66\bin\verify.dll
0x6d820000 - 0x6d841000 	C:\Program Files (x86)\Java\jre1.8.0_66\bin\java.dll
0x6d1b0000 - 0x6d1d9000 	C:\Program Files (x86)\Java\jre1.8.0_66\bin\jdwp.dll
0x6fe30000 - 0x6fe37000 	C:\Program Files (x86)\Java\jre1.8.0_66\bin\npt.dll
0x6f920000 - 0x6f933000 	C:\Program Files (x86)\Java\jre1.8.0_66\bin\zip.dll
0x76800000 - 0x77b4c000 	C:\WINDOWS\System32\SHELL32.dll
0x760e0000 - 0x76169000 	C:\WINDOWS\System32\shcore.dll
0x74660000 - 0x74bdd000 	C:\WINDOWS\System32\windows.storage.dll
0x76330000 - 0x76375000 	C:\WINDOWS\System32\shlwapi.dll
0x75930000 - 0x7593e000 	C:\WINDOWS\System32\kernel.appcore.dll
0x764b0000 - 0x764f5000 	C:\WINDOWS\System32\powrprof.dll
0x75bd0000 - 0x75be0000 	C:\WINDOWS\System32\profapi.dll
0x6cd30000 - 0x6cd38000 	C:\Program Files (x86)\Java\jre1.8.0_66\bin\dt_socket.dll
0x6ade0000 - 0x6adf1000 	C:\WINDOWS\system32\napinsp.dll
0x6adc0000 - 0x6add6000 	C:\WINDOWS\system32\pnrpnsp.dll
0x6ada0000 - 0x6adb3000 	C:\WINDOWS\system32\NLAapi.dll
0x73ce0000 - 0x73d2e000 	C:\WINDOWS\System32\mswsock.dll
0x6fbc0000 - 0x6fc3d000 	C:\WINDOWS\SYSTEM32\DNSAPI.dll
0x74be0000 - 0x74be7000 	C:\WINDOWS\System32\NSI.dll
0x735d0000 - 0x735ff000 	C:\WINDOWS\SYSTEM32\IPHLPAPI.DLL
0x6ad90000 - 0x6ad9b000 	C:\WINDOWS\System32\winrnr.dll
0x6ad80000 - 0x6ad90000 	C:\WINDOWS\System32\wshbth.dll
0x6fc60000 - 0x6fcaa000 	C:\WINDOWS\System32\fwpuclnt.dll
0x73c80000 - 0x73c98000 	C:\WINDOWS\SYSTEM32\bcrypt.dll
0x6dd70000 - 0x6dd78000 	C:\Windows\System32\rasadhlp.dll
0x15410000 - 0x15430000 	C:\radua\projects\with_cipri\haisainvatam\JavaNative\src\JavaNative.dll
0x15430000 - 0x1544c000 	C:\WINDOWS\SYSTEM32\VCRUNTIME140D.dll
0x15450000 - 0x155c3000 	C:\WINDOWS\SYSTEM32\ucrtbased.dll
0x73d60000 - 0x73ebb000 	C:\WINDOWS\SYSTEM32\dbghelp.dll

VM Arguments:
jvm_args: -agentlib:jdwp=transport=dt_socket,suspend=y,address=localhost:61526 -Dfile.encoding=Cp1250 
java_command: Main
java_class_path (initial): C:\radua\projects\with_cipri\haisainvatam\JavaNative\bin
Launcher Type: SUN_STANDARD

Environment Variables:
JAVA_HOME=C:\Program Files\Java\jdk1.8.0_65
USERNAME=radua
OS=Windows_NT
PROCESSOR_IDENTIFIER=Intel64 Family 6 Model 61 Stepping 4, GenuineIntel



---------------  S Y S T E M  ---------------

OS: Windows 10.0 , 64 bit Build 15048 (10.0.15048.0)

CPU:total 4 (2 cores per cpu, 2 threads per core) family 6 model 61 stepping 4, cmov, cx8, fxsr, mmx, sse, sse2, sse3, ssse3, sse4.1, sse4.2, popcnt, avx, avx2, aes, clmul, erms, rtm, 3dnowpref, lzcnt, ht, tsc, tscinvbit, bmi1, bmi2, adx

Memory: 4k page, physical 8061196k(3252236k free), swap 16187660k(8473884k free)

vm_info: Java HotSpot(TM) Client VM (25.66-b18) for windows-x86 JRE (1.8.0_66-b18), built on Nov  9 2015 10:58:29 by "java_re" with MS VC++ 10.0 (VS2010)

time: Tue Mar 21 16:04:40 2017
elapsed time: 0 seconds (0d 0h 0m 0s)

