#
# A fatal error has been detected by the Java Runtime Environment:
#
#  EXCEPTION_ACCESS_VIOLATION (0xc0000005) at pc=0x6cecaf89, pid=32312, tid=36400
#
# JRE version: Java(TM) SE Runtime Environment (8.0_66-b18) (build 1.8.0_66-b18)
# Java VM: Java HotSpot(TM) Client VM (25.66-b18 mixed mode windows-x86 )
# Problematic frame:
# V  [jvm.dll+0xdaf89]
#
# Failed to write core dump. Minidumps are not enabled by default on client versions of Windows
#
# If you would like to submit a bug report, please visit:
#   http://bugreport.java.com/bugreport/crash.jsp
#

---------------  T H R E A D  ---------------

Current thread (0x02dad000):  JavaThread "main" [_thread_in_vm, id=36400, stack(0x01420000,0x01470000)]

siginfo: ExceptionCode=0xc0000005, reading address 0x3f800004

Registers:
EAX=0x3f800000, EBX=0x0146f490, ECX=0x02dad788, EDX=0x00000005
ESP=0x0146f3b4, EBP=0x0146f468, ESI=0x15232ad0, EDI=0x02dad000
EIP=0x6cecaf89, EFLAGS=0x00010213

Top of Stack: (sp=0x0146f3b4)
0x0146f3b4:   1550649c 02dad000 02dad140 02d4ede0
0x0146f3c4:   00000000 0146f4fc 6ce3cdab 00000001
0x0146f3d4:   00000006 6cf60d62 ffffffff 0146f504
0x0146f3e4:   00000000 6cf612c8 00000000 00000002
0x0146f3f4:   0146f4ac 02dad140 0146f450 6cfb6fee
0x0146f404:   00000000 00000004 ffffffff 0146f5c8
0x0146f414:   15231dd8 0146f490 02dad788 cccccccc
0x0146f424:   cccccccc cccccccc cccccccc 0146f464 

Instructions: (pc=0x6cecaf89)
0x6cecaf69:   40 08 8b 70 0c 89 55 88 74 04 8b f1 eb 41 8b 51
0x6cecaf79:   14 83 fa f6 7e 16 83 fa fe 74 ef 8b 4d b4 8b 01
0x6cecaf89:   8b 48 04 8b b4 91 00 01 00 00 eb 23 b8 f6 ff ff
0x6cecaf99:   ff 2b c2 8b 55 b4 8b 0a 8b 49 04 57 50 56 e8 74 


Register to memory mapping:

EAX=0x3f800000 is an unknown value
EBX=0x0146f490 is pointing into the stack for thread: 0x02dad000
ECX=0x02dad788 is an unknown value
EDX=0x00000005 is an unknown value
ESP=0x0146f3b4 is pointing into the stack for thread: 0x02dad000
EBP=0x0146f468 is pointing into the stack for thread: 0x02dad000
ESI=0x15232ad0 is pointing into metadata
EDI=0x02dad000 is a thread


Stack: [0x01420000,0x01470000],  sp=0x0146f3b4,  free space=316k
Native frames: (J=compiled Java code, j=interpreted, Vv=VM code, C=native code)
V  [jvm.dll+0xdaf89]
V  [jvm.dll+0xdd78c]
C  [JavaNative.dll+0x117c8]  JNIEnv_::CallFloatMethod+0x48
C  [JavaNative.dll+0x11cc6]  Java_nativ_models_NativeClassA_hitCallback+0x36
j  nativ.models.NativeClassA.hitCallback(F)F+0
j  Main.main([Ljava/lang/String;)V+68
v  ~StubRoutines::call_stub
V  [jvm.dll+0x158ba5]
V  [jvm.dll+0x21e12e]
V  [jvm.dll+0x158c3e]
V  [jvm.dll+0xdae57]
V  [jvm.dll+0xe33ef]
C  [javaw.exe+0x229a]
C  [javaw.exe+0xaebf]
C  [javaw.exe+0xaf49]
C  [KERNEL32.DLL+0x18744]
C  [ntdll.dll+0x62de6]
C  [ntdll.dll+0x62db6]
C  0x00000000

Java frames: (J=compiled Java code, j=interpreted, Vv=VM code)
j  nativ.models.NativeClassA.hitCallback(F)F+0
j  Main.main([Ljava/lang/String;)V+68
v  ~StubRoutines::call_stub

---------------  P R O C E S S  ---------------

Java Threads: ( => current thread )
  0x154c6400 JavaThread "Service Thread" daemon [_thread_blocked, id=19360, stack(0x15ef0000,0x15f40000)]
  0x154a2800 JavaThread "C1 CompilerThread0" daemon [_thread_blocked, id=7288, stack(0x15e60000,0x15eb0000)]
  0x1549c400 JavaThread "JDWP Command Reader" daemon [_thread_in_native, id=10604, stack(0x15dd0000,0x15e20000)]
  0x15497400 JavaThread "JDWP Event Helper Thread" daemon [_thread_blocked, id=33900, stack(0x15d30000,0x15d80000)]
  0x15494c00 JavaThread "JDWP Transport Listener: dt_socket" daemon [_thread_blocked, id=19996, stack(0x15ca0000,0x15cf0000)]
  0x15486800 JavaThread "Attach Listener" daemon [_thread_blocked, id=13268, stack(0x158d0000,0x15920000)]
  0x15484800 JavaThread "Signal Dispatcher" daemon [_thread_blocked, id=36128, stack(0x15840000,0x15890000)]
  0x15468800 JavaThread "Finalizer" daemon [_thread_blocked, id=16976, stack(0x156a0000,0x156f0000)]
  0x15463c00 JavaThread "Reference Handler" daemon [_thread_blocked, id=27348, stack(0x04fb0000,0x05000000)]
=>0x02dad000 JavaThread "main" [_thread_in_vm, id=36400, stack(0x01420000,0x01470000)]

Other Threads:
  0x02d4d800 VMThread [stack: 0x04f20000,0x04f70000] [id=32140]
  0x154cb000 WatcherThread [stack: 0x15f80000,0x15fd0000] [id=7400]

VM state:not at safepoint (normal execution)

VM Mutex/Monitor currently owned by a thread: None

Heap:
 def new generation   total 4928K, used 713K [0x05000000, 0x05550000, 0x0a550000)
  eden space 4416K,  16% used [0x05000000, 0x050b2738, 0x05450000)
  from space 512K,   0% used [0x05450000, 0x05450000, 0x054d0000)
  to   space 512K,   0% used [0x054d0000, 0x054d0000, 0x05550000)
 tenured generation   total 10944K, used 0K [0x0a550000, 0x0b000000, 0x15000000)
   the space 10944K,   0% used [0x0a550000, 0x0a550000, 0x0a550200, 0x0b000000)
 Metaspace       used 1678K, capacity 2280K, committed 2368K, reserved 4480K

Card table byte_map: [0x04e30000,0x04ec0000] byte_map_base: 0x04e08000

Polling page: 0x01470000

CodeCache: size=32768Kb used=668Kb max_used=668Kb free=32099Kb
 bounds [0x02db0000, 0x02e58000, 0x04db0000]
 total_blobs=148 nmethods=15 adapters=73
 compilation: enabled

Compilation events (10 events):
Event: 0.117 Thread 0x154a2800   11             java.lang.AbstractStringBuilder::ensureCapacityInternal (16 bytes)
Event: 0.117 Thread 0x154a2800 nmethod 11 0x02e55c88 code [0x02e55d90, 0x02e55e4c]
Event: 0.117 Thread 0x154a2800   12             java.lang.AbstractStringBuilder::append (29 bytes)
Event: 0.117 Thread 0x154a2800 nmethod 12 0x02e55ec8 code [0x02e55fd0, 0x02e560cc]
Event: 0.118 Thread 0x154a2800   13             java.lang.Object::<init> (1 bytes)
Event: 0.118 Thread 0x154a2800 nmethod 13 0x02e561c8 code [0x02e562c0, 0x02e56350]
Event: 0.124 Thread 0x154a2800   14             java.lang.String::indexOf (166 bytes)
Event: 0.125 Thread 0x154a2800 nmethod 14 0x02e563c8 code [0x02e564e0, 0x02e56730]
Event: 0.130 Thread 0x154a2800   15             sun.misc.FDBigInteger::mult (64 bytes)
Event: 0.130 Thread 0x154a2800 nmethod 15 0x02e56ec8 code [0x02e56fc0, 0x02e57170]

GC Heap History (0 events):
No events

Deoptimization events (0 events):
No events

Internal exceptions (2 events):
Event: 0.040 Thread 0x02dad000 Exception <a 'java/lang/NoSuchMethodError': Method sun.misc.Unsafe.defineClass(Ljava/lang/String;[BII)Ljava/lang/Class; name or signature does not match> (0x05010868) thrown at [C:\re\workspace\8-2-build-windows-i586-cygwin\jdk8u66\5298\hotspot\src\share\v·±ü)·w¤?
Event: 0.040 Thread 0x02dad000 Exception <a 'java/lang/NoSuchMethodError': Method sun.misc.Unsafe.prefetchRead(Ljava/lang/Object;J)V name or signature does not match> (0x05010b38) thrown at [C:\re\workspace\8-2-build-windows-i586-cygwin\jdk8u66\5298\hotspot\src\share\vm\prims\jni.cpp, l

Events (10 events):
Event: 0.129 loading class sun/misc/FloatingDecimal$1
Event: 0.129 loading class sun/misc/FloatingDecimal$1 done
Event: 0.129 loading class sun/misc/FloatingDecimal$PreparedASCIIToBinaryBuffer
Event: 0.129 loading class sun/misc/FloatingDecimal$ASCIIToBinaryConverter
Event: 0.129 loading class sun/misc/FloatingDecimal$ASCIIToBinaryConverter done
Event: 0.129 loading class sun/misc/FloatingDecimal$PreparedASCIIToBinaryBuffer done
Event: 0.129 loading class sun/misc/FDBigInteger
Event: 0.129 loading class sun/misc/FDBigInteger done
Event: 0.130 loading class utils/Utils
Event: 0.130 loading class utils/Utils done


Dynamic libraries:
0x00be0000 - 0x00c13000 	C:\Program Files (x86)\Java\jre1.8.0_66\bin\javaw.exe
0x77050000 - 0x771dd000 	C:\WINDOWS\SYSTEM32\ntdll.dll
0x765a0000 - 0x76670000 	C:\WINDOWS\System32\KERNEL32.DLL
0x743b0000 - 0x7456f000 	C:\WINDOWS\System32\KERNELBASE.dll
0x75e40000 - 0x75eb7000 	C:\WINDOWS\System32\ADVAPI32.dll
0x76790000 - 0x7684d000 	C:\WINDOWS\System32\msvcrt.dll
0x74310000 - 0x74351000 	C:\WINDOWS\System32\sechost.dll
0x762f0000 - 0x763b0000 	C:\WINDOWS\System32\RPCRT4.dll
0x73b40000 - 0x73b60000 	C:\WINDOWS\System32\SspiCli.dll
0x73b30000 - 0x73b3a000 	C:\WINDOWS\System32\CRYPTBASE.dll
0x768b0000 - 0x76907000 	C:\WINDOWS\System32\bcryptPrimitives.dll
0x741c0000 - 0x742fc000 	C:\WINDOWS\System32\USER32.dll
0x73c00000 - 0x73c16000 	C:\WINDOWS\System32\win32u.dll
0x76570000 - 0x76591000 	C:\WINDOWS\System32\GDI32.dll
0x76910000 - 0x76a69000 	C:\WINDOWS\System32\gdi32full.dll
0x73f30000 - 0x73fa9000 	C:\WINDOWS\System32\msvcp_win.dll
0x74040000 - 0x74159000 	C:\WINDOWS\System32\ucrtbase.dll
0x6bae0000 - 0x6bcef000 	C:\WINDOWS\WinSxS\x86_microsoft.windows.common-controls_6595b64144ccf1df_6.0.15048.0_none_584087f3f45d80b0\COMCTL32.dll
0x76020000 - 0x7625f000 	C:\WINDOWS\System32\combase.dll
0x76670000 - 0x76695000 	C:\WINDOWS\System32\IMM32.DLL
0x786d0000 - 0x7878f000 	C:\Program Files (x86)\Java\jre1.8.0_66\bin\msvcr100.dll
0x6cdf0000 - 0x6d1b5000 	C:\Program Files (x86)\Java\jre1.8.0_66\bin\client\jvm.dll
0x75ed0000 - 0x75ed6000 	C:\WINDOWS\System32\PSAPI.DLL
0x72a30000 - 0x72a38000 	C:\WINDOWS\SYSTEM32\VERSION.dll
0x6e680000 - 0x6e6a4000 	C:\WINDOWS\SYSTEM32\WINMM.dll
0x72540000 - 0x72548000 	C:\WINDOWS\SYSTEM32\WSOCK32.dll
0x6e570000 - 0x6e593000 	C:\WINDOWS\SYSTEM32\winmmbase.dll
0x73da0000 - 0x73dd9000 	C:\WINDOWS\System32\cfgmgr32.dll
0x73fd0000 - 0x74037000 	C:\WINDOWS\System32\ws2_32.DLL
0x6fec0000 - 0x6fecc000 	C:\Program Files (x86)\Java\jre1.8.0_66\bin\verify.dll
0x6cd30000 - 0x6cd51000 	C:\Program Files (x86)\Java\jre1.8.0_66\bin\java.dll
0x6cc10000 - 0x6cc39000 	C:\Program Files (x86)\Java\jre1.8.0_66\bin\jdwp.dll
0x6f970000 - 0x6f977000 	C:\Program Files (x86)\Java\jre1.8.0_66\bin\npt.dll
0x6fd00000 - 0x6fd13000 	C:\Program Files (x86)\Java\jre1.8.0_66\bin\zip.dll
0x74570000 - 0x758bc000 	C:\WINDOWS\System32\SHELL32.dll
0x76260000 - 0x762e9000 	C:\WINDOWS\System32\shcore.dll
0x76ad0000 - 0x7704d000 	C:\WINDOWS\System32\windows.storage.dll
0x74360000 - 0x743a5000 	C:\WINDOWS\System32\shlwapi.dll
0x74300000 - 0x7430e000 	C:\WINDOWS\System32\kernel.appcore.dll
0x74160000 - 0x741a5000 	C:\WINDOWS\System32\powrprof.dll
0x75ec0000 - 0x75ed0000 	C:\WINDOWS\System32\profapi.dll
0x6d3c0000 - 0x6d3c8000 	C:\Program Files (x86)\Java\jre1.8.0_66\bin\dt_socket.dll
0x6a560000 - 0x6a571000 	C:\WINDOWS\system32\napinsp.dll
0x6a540000 - 0x6a556000 	C:\WINDOWS\system32\pnrpnsp.dll
0x6a520000 - 0x6a533000 	C:\WINDOWS\system32\NLAapi.dll
0x731e0000 - 0x7322e000 	C:\WINDOWS\System32\mswsock.dll
0x6e4b0000 - 0x6e52d000 	C:\WINDOWS\SYSTEM32\DNSAPI.dll
0x75ef0000 - 0x75ef7000 	C:\WINDOWS\System32\NSI.dll
0x72b80000 - 0x72baf000 	C:\WINDOWS\SYSTEM32\IPHLPAPI.DLL
0x6a510000 - 0x6a51b000 	C:\WINDOWS\System32\winrnr.dll
0x6a500000 - 0x6a510000 	C:\WINDOWS\System32\wshbth.dll
0x72b10000 - 0x72b5a000 	C:\WINDOWS\System32\fwpuclnt.dll
0x73180000 - 0x73198000 	C:\WINDOWS\SYSTEM32\bcrypt.dll
0x6b9c0000 - 0x6b9c8000 	C:\Windows\System32\rasadhlp.dll
0x15fd0000 - 0x15ff0000 	C:\radua\projects\with_cipri\haisainvatam\JavaNative\src\JavaNative.dll
0x16000000 - 0x1601c000 	C:\WINDOWS\SYSTEM32\VCRUNTIME140D.dll
0x16020000 - 0x16193000 	C:\WINDOWS\SYSTEM32\ucrtbased.dll
0x73260000 - 0x733bb000 	C:\WINDOWS\SYSTEM32\dbghelp.dll

VM Arguments:
jvm_args: -agentlib:jdwp=transport=dt_socket,suspend=y,address=localhost:56489 -Dfile.encoding=Cp1250 
java_command: Main
java_class_path (initial): C:\radua\projects\with_cipri\haisainvatam\JavaNative\bin
Launcher Type: SUN_STANDARD

Environment Variables:
JAVA_HOME=C:\Program Files\Java\jdk1.8.0_65
USERNAME=radua
OS=Windows_NT
PROCESSOR_IDENTIFIER=Intel64 Family 6 Model 61 Stepping 4, GenuineIntel



---------------  S Y S T E M  ---------------

OS: Windows 10.0 , 64 bit Build 15048 (10.0.15048.0)

CPU:total 4 (2 cores per cpu, 2 threads per core) family 6 model 61 stepping 4, cmov, cx8, fxsr, mmx, sse, sse2, sse3, ssse3, sse4.1, sse4.2, popcnt, avx, avx2, aes, clmul, erms, rtm, 3dnowpref, lzcnt, ht, tsc, tscinvbit, bmi1, bmi2, adx

Memory: 4k page, physical 8061196k(3554080k free), swap 16187660k(9572956k free)

vm_info: Java HotSpot(TM) Client VM (25.66-b18) for windows-x86 JRE (1.8.0_66-b18), built on Nov  9 2015 10:58:29 by "java_re" with MS VC++ 10.0 (VS2010)

time: Thu Apr 06 13:58:49 2017
elapsed time: 0 seconds (0d 0h 0m 0s)

